<?xml version="1.0" encoding="UTF-8"?>
<testsuite name="MRUContainerSetTest" tests="1" skipped="0" failures="0" errors="0" timestamp="2017-10-29T19:00:20" hostname="pm-ubuntu" time="0.0">
  <properties/>
  <testcase name="test6Inserts" classname="MRUContainerSetTest" time="0.0"/>
  <system-out><![CDATA[[nine->9, 17246807235173, true], [two->2, 17246807212806, false], [three->3, 17246807225220, false], [five->5, 17246807222427, false]
]]></system-out>
  <system-err><![CDATA[]]></system-err>
</testsuite>
