<?xml version="1.0" encoding="UTF-8"?>
<testsuite name="LRUContainerSetTest" tests="1" skipped="0" failures="0" errors="0" timestamp="2017-10-29T19:21:00" hostname="pm-ubuntu" time="0.002">
  <properties/>
  <testcase name="test6Inserts" classname="LRUContainerSetTest" time="0.002"/>
  <system-out><![CDATA[18486662359377
18486662369712
18486662362651
18486662359377
18486662363584
18486662359377
18486662367299
18486662359377
18486662359377
18486662817665
18486662362651
18486662359377
18486662363584
18486662359377
18486662367299
18486662359377
[five->5, 18486663237311, false], [two->2, 18486662362651, false], [three->3, 18486663241773, false], [four->4, 18486663247061, false]
18486663237311
18486663323063
18486662362651
18486663237311
18486663241773
18486662362651
18486663247061
18486662362651
18486663237311
18486663753572
18486662362651
18486663237311
18486663241773
18486662362651
18486663247061
18486662362651
[five->5, 18486663237311, false], [nine->9, 18486664271634, true], [three->3, 18486663241773, false], [four->4, 18486663247061, false]
]]></system-out>
  <system-err><![CDATA[]]></system-err>
</testsuite>
