<?xml version="1.0" encoding="UTF-8"?>
<testsuite name="LRUContainerSetTest" tests="1" skipped="0" failures="0" errors="0" timestamp="2017-10-29T19:00:20" hostname="pm-ubuntu" time="0.001">
  <properties/>
  <testcase name="test6Inserts" classname="LRUContainerSetTest" time="0.001"/>
  <system-out><![CDATA[17246808092751
17246808103751
17246808096506
17246808092751
17246808097558
17246808092751
17246808101232
17246808092751
17246808092751
17246808423749
17246808096506
17246808092751
17246808097558
17246808092751
17246808101232
17246808092751
[five->5, 17246808644931, false], [two->2, 17246808096506, false], [three->3, 17246808649962, false], [four->4, 17246808656411, false]
17246808644931
17246808730792
17246808096506
17246808644931
17246808649962
17246808096506
17246808656411
17246808096506
17246808644931
17246808950616
17246808096506
17246808644931
17246808649962
17246808096506
17246808656411
17246808096506
[five->5, 17246808644931, false], [nine->9, 17246809160577, true], [three->3, 17246808649962, false], [four->4, 17246808656411, false]
]]></system-out>
  <system-err><![CDATA[]]></system-err>
</testsuite>
