<?xml version="1.0" encoding="UTF-8"?>
<testsuite name="MRUContainerSetTest" tests="1" skipped="0" failures="0" errors="0" timestamp="2017-10-29T19:21:00" hostname="pm-ubuntu" time="0.001">
  <properties/>
  <testcase name="test6Inserts" classname="MRUContainerSetTest" time="0.001"/>
  <system-out><![CDATA[[nine->9, 18486661531999, true], [two->2, 18486661510349, false], [three->3, 18486661522329, false], [five->5, 18486661519838, false]
]]></system-out>
  <system-err><![CDATA[]]></system-err>
</testsuite>
