<?xml version="1.0" encoding="UTF-8"?>
<testsuite name="MRUContainerSetTest" tests="1" skipped="0" failures="0" errors="0" timestamp="2017-10-29T18:32:56" hostname="pm-ubuntu" time="0.001">
  <properties/>
  <testcase name="test6Inserts" classname="MRUContainerSetTest" time="0.001"/>
  <system-out><![CDATA[[nine->9, 15602223558378, true], [two->2, 15602223537313, false], [three->3, 15602223549064, false], [five->5, 15602223546567, false]
]]></system-out>
  <system-err><![CDATA[]]></system-err>
</testsuite>
