<?xml version="1.0" encoding="UTF-8"?>
<testsuite name="LRUContainerSetTest" tests="1" skipped="0" failures="0" errors="0" timestamp="2017-10-29T18:32:56" hostname="pm-ubuntu" time="0.001">
  <properties/>
  <testcase name="test6Inserts" classname="LRUContainerSetTest" time="0.001"/>
  <system-out><![CDATA[15602224264007
15602224275388
15602224267764
15602224264007
15602224268880
15602224264007
15602224272850
15602224264007
15602224264007
15602224495153
15602224267764
15602224264007
15602224268880
15602224264007
15602224272850
15602224264007
[five->5, 15602224684215, false], [two->2, 15602224267764, false], [three->3, 15602224688429, false], [four->4, 15602224694263, false]
15602224684215
15602224743814
15602224267764
15602224684215
15602224688429
15602224267764
15602224694263
15602224267764
15602224684215
15602224947190
15602224267764
15602224684215
15602224688429
15602224267764
15602224694263
15602224267764
[five->5, 15602224684215, false], [nine->9, 15602225146973, true], [three->3, 15602224688429, false], [four->4, 15602224694263, false]
]]></system-out>
  <system-err><![CDATA[]]></system-err>
</testsuite>
